C:\Users\dasil\OneDrive\Documentos\AutoCAD\Plano4.dwg,Layout1,02/04/2024 23:05:03,dasil,AutoCAD PDF (General Documentation).pc3,ISO A3 (420.00 x 297.00 MM),1:1,
C:\Users\dasil\OneDrive\Documentos\AutoCAD\Electronics.dwg,Layout1,03/04/2024 21:37:56,dasil,AutoCAD PDF (General Documentation).pc3,ISO A4 (210.00 x 297.00 MM),1:1,
C:\Users\dasil\OneDrive\Documentos\AutoCAD\Electronics.dwg,Layout1,03/04/2024 21:38:29,dasil,AutoCAD PDF (General Documentation).pc3,ISO A4 (210.00 x 297.00 MM),1:1,
C:\Users\dasil\OneDrive\Documentos\AutoCAD\3D_4.dwg,Layout2,04/04/2024 11:52:26,dasil,AutoCAD PDF (General Documentation).pc3,ISO A4 (210.00 x 297.00 MM),1:1,
C:\Users\dasil\OneDrive\Documentos\AutoCAD\3D_3.dwg,Layout1,04/04/2024 12:27:41,dasil,AutoCAD PDF (General Documentation).pc3,ISO A4 (210.00 x 297.00 MM),1:1,
C:\Users\dasil\OneDrive\Documentos\AutoCAD\3D_4.dwg,Layout2,04/04/2024 12:28:07,dasil,AutoCAD PDF (General Documentation).pc3,ISO A4 (210.00 x 297.00 MM),1:1,
C:\Users\dasil\OneDrive\Documentos\AutoCAD\3D_2.dwg,Layout1,04/04/2024 12:36:59,dasil,AutoCAD PDF (General Documentation).pc3,ISO A4 (210.00 x 297.00 MM),1:1,
C:\Users\dasil\OneDrive\Documentos\AutoCAD\3D_1.dwg,Layout1,04/04/2024 12:40:01,dasil,AutoCAD PDF (General Documentation).pc3,ISO A4 (210.00 x 297.00 MM),1:1,
C:\Users\dasil\OneDrive\Documentos\AutoCAD\Electrical diagram.dwg,Layout1,04/04/2024 12:44:45,dasil,AutoCAD PDF (General Documentation).pc3,ISO A4 (210.00 x 297.00 MM),1:1,
C:\Users\dasil\OneDrive\Documentos\AutoCAD\Electrical control panel.dwg,Layout1,04/04/2024 12:48:06,dasil,AutoCAD PDF (General Documentation).pc3,ISO A4 (210.00 x 297.00 MM),1:1,
C:\Users\dasil\OneDrive\Documentos\AutoCAD\Electric plan.dwg,Layout1,04/04/2024 12:50:26,dasil,AutoCAD PDF (General Documentation).pc3,ISO A4 (210.00 x 297.00 MM),1:1,
C:\Users\dasil\OneDrive\Documentos\AutoCAD\Engranaje.dwg,Layout1,04/04/2024 18:43:22,dasil,AutoCAD PDF (General Documentation).pc3,ISO A4 (210.00 x 297.00 MM),1:1,
C:\Users\dasil\OneDrive\Documentos\AutoCAD\Herramienta.dwg,Layout1,04/04/2024 18:48:56,dasil,AutoCAD PDF (General Documentation).pc3,ISO A4 (210.00 x 297.00 MM),1:1,
C:\Users\dasil\OneDrive\Documentos\AutoCAD\Plano3_casa.dwg,Layout2,04/04/2024 18:53:44,dasil,AutoCAD PDF (General Documentation).pc3,ISO A3 (297.00 x 420.00 MM),1:1,
C:\Users\dasil\OneDrive\Documentos\AutoCAD\Electronics.dwg,Layout1,04/04/2024 18:59:49,dasil,AutoCAD PDF (General Documentation).pc3,ISO A4 (210.00 x 297.00 MM),1:1,
C:\Users\dasil\OneDrive\Documentos\AutoCAD\Lavamanos.dwg,Layout1,04/04/2024 19:01:53,dasil,AutoCAD PDF (General Documentation).pc3,ISO A4 (210.00 x 297.00 MM),1:1,
C:\Users\dasil\OneDrive\Documentos\AutoCAD\Plano3_casa.dwg,Layout2,04/04/2024 19:02:57,dasil,AutoCAD PDF (General Documentation).pc3,ISO A3 (297.00 x 420.00 MM),1:1,
C:\Users\dasil\OneDrive\Documentos\AutoCAD\Plano3.dwg,Layout1,04/04/2024 19:10:41,dasil,AutoCAD PDF (General Documentation).pc3,ISO A3 (420.00 x 297.00 MM),1:1,
C:\AutoCAD\Project_House_plan.dwg,Layout1,04/04/2024 19:24:07,dasil,AutoCAD PDF (General Documentation).pc3,ISO A3 (420.00 x 297.00 MM),1:1,
C:\Users\dasil\OneDrive\Documentos\AutoCAD\Plano4.dwg,Layout1,04/04/2024 19:27:07,dasil,AutoCAD PDF (General Documentation).pc3,ISO A3 (420.00 x 297.00 MM),1:1,
C:\Users\dasil\OneDrive\Documentos\AutoCAD\3D_4.dwg,Layout2,04/04/2024 19:29:21,dasil,AutoCAD PDF (General Documentation).pc3,ISO A4 (210.00 x 297.00 MM),1:1,
